\BOOKMARK [0][-]{chapter*.2}{Preface}{}% 1
\BOOKMARK [0][-]{chapter*.3}{Nested Statistical Models}{}% 2
\BOOKMARK [1][-]{section.1.1}{Introduction}{chapter*.3}% 3
\BOOKMARK [2][-]{subsection.1.1.1}{Related Works}{section.1.1}% 4
\BOOKMARK [2][-]{subsection.1.1.2}{Paper Organization}{section.1.1}% 5
\BOOKMARK [1][-]{section.1.2}{Data Wrangling and Tools}{chapter*.3}% 6
\BOOKMARK [2][-]{subsection.1.2.1}{Data Pipeline}{section.1.2}% 7
\BOOKMARK [2][-]{subsection.1.2.2}{Feature Extraction}{section.1.2}% 8
\BOOKMARK [2][-]{subsection.1.2.3}{Training and Testing}{section.1.2}% 9
\BOOKMARK [1][-]{section.1.3}{Single History Inclusion}{chapter*.3}% 10
\BOOKMARK [1][-]{section.1.4}{Lag Order Selection}{chapter*.3}% 11
\BOOKMARK [1][-]{section.1.5}{Nonlinear Models}{chapter*.3}% 12
\BOOKMARK [2][-]{subsection.1.5.1}{Basis Expansion}{section.1.5}% 13
\BOOKMARK [2][-]{subsection.1.5.2}{Multivariate Adaptive Regressive Splines}{section.1.5}% 14
\BOOKMARK [1][-]{section.1.6}{Results}{chapter*.3}% 15
\BOOKMARK [2][-]{subsection.1.6.1}{History Inclusion}{section.1.6}% 16
\BOOKMARK [2][-]{subsection.1.6.2}{Lag Order Selection}{section.1.6}% 17
\BOOKMARK [2][-]{subsection.1.6.3}{Nonlinear Models}{section.1.6}% 18
\BOOKMARK [1][-]{section.1.7}{Discussion}{chapter*.3}% 19
\BOOKMARK [0][-]{chapter*.6}{Nonparametric Long Short-Term Memory Neural Networks}{}% 20
\BOOKMARK [1][-]{section.2.1}{Introduction}{chapter*.6}% 21
\BOOKMARK [2][-]{subsection.2.1.1}{TORCS, Direct Perception, and Recurrency}{section.2.1}% 22
\BOOKMARK [2][-]{subsection.2.1.2}{LSTM in Caffe}{section.2.1}% 23
\BOOKMARK [1][-]{section.2.2}{Methods}{chapter*.6}% 24
\BOOKMARK [2][-]{subsection.2.2.1}{Nonparametric ReLU}{section.2.2}% 25
\BOOKMARK [2][-]{subsection.2.2.2}{Parametric Initialization}{section.2.2}% 26
\BOOKMARK [1][-]{section.2.3}{Results}{chapter*.6}% 27
\BOOKMARK [1][-]{section.2.4}{Discussion}{chapter*.6}% 28
\BOOKMARK [0][-]{chapter*.7}{deepbayes: An R Package for Deep Learning and Bayesian Optimization}{}% 29
\BOOKMARK [1][-]{section.3.1}{Introduction}{chapter*.7}% 30
\BOOKMARK [2][-]{subsection.3.1.1}{Bayesian Optimization}{section.3.1}% 31
\BOOKMARK [2][-]{subsection.3.1.2}{Technical Choices}{section.3.1}% 32
\BOOKMARK [1][-]{section.3.2}{Package Usage}{chapter*.7}% 33
\BOOKMARK [2][-]{subsection.3.2.1}{Data}{section.3.2}% 34
\BOOKMARK [2][-]{subsection.3.2.2}{Creating Network and Solver Protocol Buffers}{section.3.2}% 35
\BOOKMARK [2][-]{subsection.3.2.3}{Optimizing}{section.3.2}% 36
\BOOKMARK [2][-]{subsection.3.2.4}{Other Examples}{section.3.2}% 37
\BOOKMARK [1][-]{section.3.3}{Discussion and Future Work}{chapter*.7}% 38
\BOOKMARK [2][-]{subsection.3.3.1}{External vs. Internal Libraries}{section.3.3}% 39
\BOOKMARK [2][-]{subsection.3.3.2}{Abstraction of Protocol Buffer Creation}{section.3.3}% 40
\BOOKMARK [2][-]{subsection.3.3.3}{Bayesian Optimization Parameters}{section.3.3}% 41
\BOOKMARK [1][-]{section.3.4}{Conclusion}{chapter*.7}% 42
